[0m00:48:12.299941 [debug] [MainThread]: Sending event: {'category': 'dbt', 'action': 'invocation', 'label': 'start', 'context': [<snowplow_tracker.self_describing_json.SelfDescribingJson object at 0x106038c80>, <snowplow_tracker.self_describing_json.SelfDescribingJson object at 0x1065198b0>, <snowplow_tracker.self_describing_json.SelfDescribingJson object at 0x106519610>]}


============================== 00:48:12.302514 | 1a16ec21-7cbf-4fd0-bafd-fccd99fb4682 ==============================
[0m00:48:12.302514 [info ] [MainThread]: Running with dbt=1.9.1
[0m00:48:12.302822 [debug] [MainThread]: running dbt with arguments {'printer_width': '80', 'indirect_selection': 'eager', 'write_json': 'True', 'log_cache_events': 'False', 'partial_parse': 'True', 'cache_selected_only': 'False', 'profiles_dir': '/Users/rashidahamed/.dbt', 'fail_fast': 'False', 'version_check': 'True', 'log_path': 'logs', 'warn_error': 'None', 'debug': 'False', 'use_colors': 'True', 'use_experimental_parser': 'False', 'no_print': 'None', 'quiet': 'False', 'empty': 'None', 'warn_error_options': 'WarnErrorOptions(include=[], exclude=[])', 'static_parser': 'True', 'invocation_command': 'dbt init', 'introspect': 'True', 'target_path': 'None', 'log_format': 'default', 'send_anonymous_usage_stats': 'True'}
[0m00:48:20.501885 [debug] [MainThread]: Starter project path: /opt/anaconda3/lib/python3.12/site-packages/dbt/include/starter_project
[0m00:48:20.513135 [info ] [MainThread]: 
Your new dbt project "custom_postgres" was created!

For more information on how to configure the profiles.yml file,
please consult the dbt documentation here:

  https://docs.getdbt.com/docs/configure-your-profile

One more thing:

Need help? Don't hesitate to reach out to us via GitHub issues or on Slack:

  https://community.getdbt.com/

Happy modeling!

[0m00:48:20.513664 [info ] [MainThread]: Setting up your profile.
[0m00:49:52.056356 [info ] [MainThread]: Profile custom_postgres written to /Users/rashidahamed/.dbt/profiles.yml using target's profile_template.yml and your supplied values. Run 'dbt debug' to validate the connection.
[0m00:49:52.066309 [debug] [MainThread]: Resource report: {"command_name": "init", "command_success": true, "command_wall_clock_time": 99.80493, "process_in_blocks": "0", "process_kernel_time": 0.159165, "process_mem_max_rss": "104333312", "process_out_blocks": "0", "process_user_time": 0.614052}
[0m00:49:52.067678 [debug] [MainThread]: Command `dbt init` succeeded at 00:49:52.067439 after 99.81 seconds
[0m00:49:52.069011 [debug] [MainThread]: Sending event: {'category': 'dbt', 'action': 'invocation', 'label': 'end', 'context': [<snowplow_tracker.self_describing_json.SelfDescribingJson object at 0x106519100>, <snowplow_tracker.self_describing_json.SelfDescribingJson object at 0x1065a3410>, <snowplow_tracker.self_describing_json.SelfDescribingJson object at 0x105e3c470>]}
[0m00:49:52.069796 [debug] [MainThread]: Flushing usage events
[0m00:49:53.667407 [debug] [MainThread]: An error was encountered while trying to flush usage events
